CRITICAL - 2023-01-23 00:58:04 --> Too few arguments to function App\Controllers\UsuariosController::getId(), 0 passed in C:\xampp\htdocs\SCSAAIJ-CD\system\CodeIgniter.php on line 934 and exactly 1 expected
in APPPATH\Controllers\UsuariosController.php on line 28.
 1 SYSTEMPATH\CodeIgniter.php(934): App\Controllers\UsuariosController->getId()
 2 SYSTEMPATH\CodeIgniter.php(499): CodeIgniter\CodeIgniter->runController(Object(App\Controllers\UsuariosController))
 3 SYSTEMPATH\CodeIgniter.php(368): CodeIgniter\CodeIgniter->handleRequest(null, Object(Config\Cache), false)
 4 FCPATH\index.php(67): CodeIgniter\CodeIgniter->run()
 5 SYSTEMPATH\Commands\Server\rewrite.php(47): require_once('FCPATH\\index.php')
CRITICAL - 2023-01-23 00:58:32 --> Too few arguments to function App\Controllers\UsuariosController::getId(), 0 passed in C:\xampp\htdocs\SCSAAIJ-CD\system\CodeIgniter.php on line 934 and exactly 1 expected
in APPPATH\Controllers\UsuariosController.php on line 28.
 1 SYSTEMPATH\CodeIgniter.php(934): App\Controllers\UsuariosController->getId()
 2 SYSTEMPATH\CodeIgniter.php(499): CodeIgniter\CodeIgniter->runController(Object(App\Controllers\UsuariosController))
 3 SYSTEMPATH\CodeIgniter.php(368): CodeIgniter\CodeIgniter->handleRequest(null, Object(Config\Cache), false)
 4 FCPATH\index.php(67): CodeIgniter\CodeIgniter->run()
 5 SYSTEMPATH\Commands\Server\rewrite.php(47): require_once('FCPATH\\index.php')
CRITICAL - 2023-01-23 03:40:33 --> There is no data to insert.
in SYSTEMPATH\BaseModel.php on line 762.
 1 SYSTEMPATH\BaseModel.php(762): CodeIgniter\Database\Exceptions\DataException::forEmptyDataset('insert')
 2 SYSTEMPATH\Model.php(729): CodeIgniter\BaseModel->insert([], true)
 3 APPPATH\Controllers\UsuariosController.php(45): CodeIgniter\Model->insert([...])
 4 SYSTEMPATH\CodeIgniter.php(934): App\Controllers\UsuariosController->new()
 5 SYSTEMPATH\CodeIgniter.php(499): CodeIgniter\CodeIgniter->runController(Object(App\Controllers\UsuariosController))
 6 SYSTEMPATH\CodeIgniter.php(368): CodeIgniter\CodeIgniter->handleRequest(null, Object(Config\Cache), false)
 7 FCPATH\index.php(67): CodeIgniter\CodeIgniter->run()
 8 SYSTEMPATH\Commands\Server\rewrite.php(47): require_once('FCPATH\\index.php')
CRITICAL - 2023-01-23 03:45:40 --> There is no data to insert.
in SYSTEMPATH\BaseModel.php on line 762.
 1 SYSTEMPATH\BaseModel.php(762): CodeIgniter\Database\Exceptions\DataException::forEmptyDataset('insert')
 2 SYSTEMPATH\Model.php(729): CodeIgniter\BaseModel->insert([], true)
 3 APPPATH\Controllers\UsuariosController.php(45): CodeIgniter\Model->insert([...])
 4 SYSTEMPATH\CodeIgniter.php(934): App\Controllers\UsuariosController->new()
 5 SYSTEMPATH\CodeIgniter.php(499): CodeIgniter\CodeIgniter->runController(Object(App\Controllers\UsuariosController))
 6 SYSTEMPATH\CodeIgniter.php(368): CodeIgniter\CodeIgniter->handleRequest(null, Object(Config\Cache), false)
 7 FCPATH\index.php(67): CodeIgniter\CodeIgniter->run()
 8 SYSTEMPATH\Commands\Server\rewrite.php(47): require_once('FCPATH\\index.php')
CRITICAL - 2023-01-23 03:54:21 --> Call to undefined method App\Models\UsuariosModel::insert_id
in SYSTEMPATH\Model.php on line 841.
 1 APPPATH\Controllers\UsuariosController.php(46): CodeIgniter\Model->__call('insert_id', [...])
 2 SYSTEMPATH\CodeIgniter.php(934): App\Controllers\UsuariosController->new()
 3 SYSTEMPATH\CodeIgniter.php(499): CodeIgniter\CodeIgniter->runController(Object(App\Controllers\UsuariosController))
 4 SYSTEMPATH\CodeIgniter.php(368): CodeIgniter\CodeIgniter->handleRequest(null, Object(Config\Cache), false)
 5 FCPATH\index.php(67): CodeIgniter\CodeIgniter->run()
 6 SYSTEMPATH\Commands\Server\rewrite.php(47): require_once('FCPATH\\index.php')
CRITICAL - 2023-01-23 03:54:31 --> Call to undefined method App\Models\UsuariosModel::insert_id
in SYSTEMPATH\Model.php on line 841.
 1 APPPATH\Controllers\UsuariosController.php(46): CodeIgniter\Model->__call('insert_id', [...])
 2 SYSTEMPATH\CodeIgniter.php(934): App\Controllers\UsuariosController->new()
 3 SYSTEMPATH\CodeIgniter.php(499): CodeIgniter\CodeIgniter->runController(Object(App\Controllers\UsuariosController))
 4 SYSTEMPATH\CodeIgniter.php(368): CodeIgniter\CodeIgniter->handleRequest(null, Object(Config\Cache), false)
 5 FCPATH\index.php(67): CodeIgniter\CodeIgniter->run()
 6 SYSTEMPATH\Commands\Server\rewrite.php(47): require_once('FCPATH\\index.php')
CRITICAL - 2023-01-23 03:57:54 --> There is no data to insert.
in SYSTEMPATH\BaseModel.php on line 762.
 1 SYSTEMPATH\BaseModel.php(762): CodeIgniter\Database\Exceptions\DataException::forEmptyDataset('insert')
 2 SYSTEMPATH\Model.php(729): CodeIgniter\BaseModel->insert([], true)
 3 APPPATH\Controllers\UsuariosController.php(45): CodeIgniter\Model->insert([...])
 4 SYSTEMPATH\CodeIgniter.php(934): App\Controllers\UsuariosController->new()
 5 SYSTEMPATH\CodeIgniter.php(499): CodeIgniter\CodeIgniter->runController(Object(App\Controllers\UsuariosController))
 6 SYSTEMPATH\CodeIgniter.php(368): CodeIgniter\CodeIgniter->handleRequest(null, Object(Config\Cache), false)
 7 FCPATH\index.php(67): CodeIgniter\CodeIgniter->run()
 8 SYSTEMPATH\Commands\Server\rewrite.php(47): require_once('FCPATH\\index.php')
CRITICAL - 2023-01-23 03:58:06 --> There is no data to insert.
in SYSTEMPATH\BaseModel.php on line 762.
 1 SYSTEMPATH\BaseModel.php(762): CodeIgniter\Database\Exceptions\DataException::forEmptyDataset('insert')
 2 SYSTEMPATH\Model.php(729): CodeIgniter\BaseModel->insert([], true)
 3 APPPATH\Controllers\UsuariosController.php(45): CodeIgniter\Model->insert([...])
 4 SYSTEMPATH\CodeIgniter.php(934): App\Controllers\UsuariosController->new()
 5 SYSTEMPATH\CodeIgniter.php(499): CodeIgniter\CodeIgniter->runController(Object(App\Controllers\UsuariosController))
 6 SYSTEMPATH\CodeIgniter.php(368): CodeIgniter\CodeIgniter->handleRequest(null, Object(Config\Cache), false)
 7 FCPATH\index.php(67): CodeIgniter\CodeIgniter->run()
 8 SYSTEMPATH\Commands\Server\rewrite.php(47): require_once('FCPATH\\index.php')
CRITICAL - 2023-01-23 03:59:39 --> There is no data to insert.
in SYSTEMPATH\BaseModel.php on line 762.
 1 SYSTEMPATH\BaseModel.php(762): CodeIgniter\Database\Exceptions\DataException::forEmptyDataset('insert')
 2 SYSTEMPATH\Model.php(729): CodeIgniter\BaseModel->insert([], true)
 3 APPPATH\Controllers\UsuariosController.php(47): CodeIgniter\Model->insert([...])
 4 SYSTEMPATH\CodeIgniter.php(934): App\Controllers\UsuariosController->new()
 5 SYSTEMPATH\CodeIgniter.php(499): CodeIgniter\CodeIgniter->runController(Object(App\Controllers\UsuariosController))
 6 SYSTEMPATH\CodeIgniter.php(368): CodeIgniter\CodeIgniter->handleRequest(null, Object(Config\Cache), false)
 7 FCPATH\index.php(67): CodeIgniter\CodeIgniter->run()
 8 SYSTEMPATH\Commands\Server\rewrite.php(47): require_once('FCPATH\\index.php')
CRITICAL - 2023-01-23 04:05:41 --> Call to undefined method App\Models\UsuariosModel::insert_id
in SYSTEMPATH\Model.php on line 841.
 1 APPPATH\Controllers\UsuariosController.php(55): CodeIgniter\Model->__call('insert_id', [])
 2 SYSTEMPATH\CodeIgniter.php(934): App\Controllers\UsuariosController->new()
 3 SYSTEMPATH\CodeIgniter.php(499): CodeIgniter\CodeIgniter->runController(Object(App\Controllers\UsuariosController))
 4 SYSTEMPATH\CodeIgniter.php(368): CodeIgniter\CodeIgniter->handleRequest(null, Object(Config\Cache), false)
 5 FCPATH\index.php(67): CodeIgniter\CodeIgniter->run()
 6 SYSTEMPATH\Commands\Server\rewrite.php(47): require_once('FCPATH\\index.php')
ERROR - 2023-01-23 04:06:42 --> mysqli_sql_exception: Duplicate entry '0' for key 'PRIMARY' in C:\xampp\htdocs\SCSAAIJ-CD\system\Database\MySQLi\Connection.php:295
Stack trace:
#0 C:\xampp\htdocs\SCSAAIJ-CD\system\Database\MySQLi\Connection.php(295): mysqli->query('INSERT INTO `us...', 0)
#1 C:\xampp\htdocs\SCSAAIJ-CD\system\Database\BaseConnection.php(691): CodeIgniter\Database\MySQLi\Connection->execute('INSERT INTO `us...')
#2 C:\xampp\htdocs\SCSAAIJ-CD\system\Database\BaseConnection.php(605): CodeIgniter\Database\BaseConnection->simpleQuery('INSERT INTO `us...')
#3 C:\xampp\htdocs\SCSAAIJ-CD\system\Database\BaseBuilder.php(2295): CodeIgniter\Database\BaseConnection->query('INSERT INTO `us...', Array, false)
#4 C:\xampp\htdocs\SCSAAIJ-CD\system\Model.php(329): CodeIgniter\Database\BaseBuilder->insert()
#5 C:\xampp\htdocs\SCSAAIJ-CD\system\BaseModel.php(782): CodeIgniter\Model->doInsert(Array)
#6 C:\xampp\htdocs\SCSAAIJ-CD\system\Model.php(729): CodeIgniter\BaseModel->insert(Array, true)
#7 C:\xampp\htdocs\SCSAAIJ-CD\app\Controllers\UsuariosController.php(54): CodeIgniter\Model->insert(Array)
#8 C:\xampp\htdocs\SCSAAIJ-CD\system\CodeIgniter.php(934): App\Controllers\UsuariosController->new()
#9 C:\xampp\htdocs\SCSAAIJ-CD\system\CodeIgniter.php(499): CodeIgniter\CodeIgniter->runController(Object(App\Controllers\UsuariosController))
#10 C:\xampp\htdocs\SCSAAIJ-CD\system\CodeIgniter.php(368): CodeIgniter\CodeIgniter->handleRequest(NULL, Object(Config\Cache), false)
#11 C:\xampp\htdocs\SCSAAIJ-CD\public\index.php(67): CodeIgniter\CodeIgniter->run()
#12 C:\xampp\htdocs\SCSAAIJ-CD\system\Commands\Server\rewrite.php(47): require_once('C:\\xampp\\htdocs...')
#13 {main}
CRITICAL - 2023-01-23 04:06:42 --> Duplicate entry '0' for key 'PRIMARY'
in SYSTEMPATH\Database\BaseConnection.php on line 645.
 1 SYSTEMPATH\Database\BaseBuilder.php(2295): CodeIgniter\Database\BaseConnection->query('INSERT INTO `usuarios` (`nombre`, `apePat`, `apeMat`, `telefono`, `nomUsr`, `password`, `tipo`) VALUES (:nombre:, :apePat:, :apeMat:, :telefono:, :nomUsr:, :password:, :tipo:)', [...], false)
 2 SYSTEMPATH\Model.php(329): CodeIgniter\Database\BaseBuilder->insert()
 3 SYSTEMPATH\BaseModel.php(782): CodeIgniter\Model->doInsert([...])
 4 SYSTEMPATH\Model.php(729): CodeIgniter\BaseModel->insert([...], true)
 5 APPPATH\Controllers\UsuariosController.php(54): CodeIgniter\Model->insert([...])
 6 SYSTEMPATH\CodeIgniter.php(934): App\Controllers\UsuariosController->new()
 7 SYSTEMPATH\CodeIgniter.php(499): CodeIgniter\CodeIgniter->runController(Object(App\Controllers\UsuariosController))
 8 SYSTEMPATH\CodeIgniter.php(368): CodeIgniter\CodeIgniter->handleRequest(null, Object(Config\Cache), false)
 9 FCPATH\index.php(67): CodeIgniter\CodeIgniter->run()
10 SYSTEMPATH\Commands\Server\rewrite.php(47): require_once('FCPATH\\index.php')
ERROR - 2023-01-23 04:07:53 --> mysqli_sql_exception: Duplicate entry '0' for key 'PRIMARY' in C:\xampp\htdocs\SCSAAIJ-CD\system\Database\MySQLi\Connection.php:295
Stack trace:
#0 C:\xampp\htdocs\SCSAAIJ-CD\system\Database\MySQLi\Connection.php(295): mysqli->query('INSERT INTO `us...', 0)
#1 C:\xampp\htdocs\SCSAAIJ-CD\system\Database\BaseConnection.php(691): CodeIgniter\Database\MySQLi\Connection->execute('INSERT INTO `us...')
#2 C:\xampp\htdocs\SCSAAIJ-CD\system\Database\BaseConnection.php(605): CodeIgniter\Database\BaseConnection->simpleQuery('INSERT INTO `us...')
#3 C:\xampp\htdocs\SCSAAIJ-CD\system\Database\BaseBuilder.php(2295): CodeIgniter\Database\BaseConnection->query('INSERT INTO `us...', Array, false)
#4 C:\xampp\htdocs\SCSAAIJ-CD\system\Model.php(329): CodeIgniter\Database\BaseBuilder->insert()
#5 C:\xampp\htdocs\SCSAAIJ-CD\system\BaseModel.php(782): CodeIgniter\Model->doInsert(Array)
#6 C:\xampp\htdocs\SCSAAIJ-CD\system\Model.php(729): CodeIgniter\BaseModel->insert(Array, true)
#7 C:\xampp\htdocs\SCSAAIJ-CD\app\Controllers\UsuariosController.php(54): CodeIgniter\Model->insert(Array)
#8 C:\xampp\htdocs\SCSAAIJ-CD\system\CodeIgniter.php(934): App\Controllers\UsuariosController->new()
#9 C:\xampp\htdocs\SCSAAIJ-CD\system\CodeIgniter.php(499): CodeIgniter\CodeIgniter->runController(Object(App\Controllers\UsuariosController))
#10 C:\xampp\htdocs\SCSAAIJ-CD\system\CodeIgniter.php(368): CodeIgniter\CodeIgniter->handleRequest(NULL, Object(Config\Cache), false)
#11 C:\xampp\htdocs\SCSAAIJ-CD\public\index.php(67): CodeIgniter\CodeIgniter->run()
#12 C:\xampp\htdocs\SCSAAIJ-CD\system\Commands\Server\rewrite.php(47): require_once('C:\\xampp\\htdocs...')
#13 {main}
CRITICAL - 2023-01-23 04:07:53 --> Duplicate entry '0' for key 'PRIMARY'
in SYSTEMPATH\Database\BaseConnection.php on line 645.
 1 SYSTEMPATH\Database\BaseBuilder.php(2295): CodeIgniter\Database\BaseConnection->query('INSERT INTO `usuarios` (`nombre`, `apePat`, `apeMat`, `telefono`, `nomUsr`, `password`, `tipo`) VALUES (:nombre:, :apePat:, :apeMat:, :telefono:, :nomUsr:, :password:, :tipo:)', [...], false)
 2 SYSTEMPATH\Model.php(329): CodeIgniter\Database\BaseBuilder->insert()
 3 SYSTEMPATH\BaseModel.php(782): CodeIgniter\Model->doInsert([...])
 4 SYSTEMPATH\Model.php(729): CodeIgniter\BaseModel->insert([...], true)
 5 APPPATH\Controllers\UsuariosController.php(54): CodeIgniter\Model->insert([...])
 6 SYSTEMPATH\CodeIgniter.php(934): App\Controllers\UsuariosController->new()
 7 SYSTEMPATH\CodeIgniter.php(499): CodeIgniter\CodeIgniter->runController(Object(App\Controllers\UsuariosController))
 8 SYSTEMPATH\CodeIgniter.php(368): CodeIgniter\CodeIgniter->handleRequest(null, Object(Config\Cache), false)
 9 FCPATH\index.php(67): CodeIgniter\CodeIgniter->run()
10 SYSTEMPATH\Commands\Server\rewrite.php(47): require_once('FCPATH\\index.php')
ERROR - 2023-01-23 04:08:33 --> mysqli_sql_exception: Duplicate entry '0' for key 'PRIMARY' in C:\xampp\htdocs\SCSAAIJ-CD\system\Database\MySQLi\Connection.php:295
Stack trace:
#0 C:\xampp\htdocs\SCSAAIJ-CD\system\Database\MySQLi\Connection.php(295): mysqli->query('INSERT INTO `us...', 0)
#1 C:\xampp\htdocs\SCSAAIJ-CD\system\Database\BaseConnection.php(691): CodeIgniter\Database\MySQLi\Connection->execute('INSERT INTO `us...')
#2 C:\xampp\htdocs\SCSAAIJ-CD\system\Database\BaseConnection.php(605): CodeIgniter\Database\BaseConnection->simpleQuery('INSERT INTO `us...')
#3 C:\xampp\htdocs\SCSAAIJ-CD\system\Database\BaseBuilder.php(2295): CodeIgniter\Database\BaseConnection->query('INSERT INTO `us...', Array, false)
#4 C:\xampp\htdocs\SCSAAIJ-CD\system\Model.php(329): CodeIgniter\Database\BaseBuilder->insert()
#5 C:\xampp\htdocs\SCSAAIJ-CD\system\BaseModel.php(782): CodeIgniter\Model->doInsert(Array)
#6 C:\xampp\htdocs\SCSAAIJ-CD\system\Model.php(729): CodeIgniter\BaseModel->insert(Array, true)
#7 C:\xampp\htdocs\SCSAAIJ-CD\app\Controllers\UsuariosController.php(56): CodeIgniter\Model->insert(Array)
#8 C:\xampp\htdocs\SCSAAIJ-CD\system\CodeIgniter.php(934): App\Controllers\UsuariosController->new()
#9 C:\xampp\htdocs\SCSAAIJ-CD\system\CodeIgniter.php(499): CodeIgniter\CodeIgniter->runController(Object(App\Controllers\UsuariosController))
#10 C:\xampp\htdocs\SCSAAIJ-CD\system\CodeIgniter.php(368): CodeIgniter\CodeIgniter->handleRequest(NULL, Object(Config\Cache), false)
#11 C:\xampp\htdocs\SCSAAIJ-CD\public\index.php(67): CodeIgniter\CodeIgniter->run()
#12 C:\xampp\htdocs\SCSAAIJ-CD\system\Commands\Server\rewrite.php(47): require_once('C:\\xampp\\htdocs...')
#13 {main}
CRITICAL - 2023-01-23 04:08:33 --> Duplicate entry '0' for key 'PRIMARY'
in SYSTEMPATH\Database\BaseConnection.php on line 645.
 1 SYSTEMPATH\Database\BaseBuilder.php(2295): CodeIgniter\Database\BaseConnection->query('INSERT INTO `usuarios` (`nombre`, `apePat`, `apeMat`, `telefono`, `nomUsr`, `password`, `tipo`) VALUES (:nombre:, :apePat:, :apeMat:, :telefono:, :nomUsr:, :password:, :tipo:)', [...], false)
 2 SYSTEMPATH\Model.php(329): CodeIgniter\Database\BaseBuilder->insert()
 3 SYSTEMPATH\BaseModel.php(782): CodeIgniter\Model->doInsert([...])
 4 SYSTEMPATH\Model.php(729): CodeIgniter\BaseModel->insert([...], true)
 5 APPPATH\Controllers\UsuariosController.php(56): CodeIgniter\Model->insert([...])
 6 SYSTEMPATH\CodeIgniter.php(934): App\Controllers\UsuariosController->new()
 7 SYSTEMPATH\CodeIgniter.php(499): CodeIgniter\CodeIgniter->runController(Object(App\Controllers\UsuariosController))
 8 SYSTEMPATH\CodeIgniter.php(368): CodeIgniter\CodeIgniter->handleRequest(null, Object(Config\Cache), false)
 9 FCPATH\index.php(67): CodeIgniter\CodeIgniter->run()
10 SYSTEMPATH\Commands\Server\rewrite.php(47): require_once('FCPATH\\index.php')
ERROR - 2023-01-23 04:08:44 --> mysqli_sql_exception: Duplicate entry '0' for key 'PRIMARY' in C:\xampp\htdocs\SCSAAIJ-CD\system\Database\MySQLi\Connection.php:295
Stack trace:
#0 C:\xampp\htdocs\SCSAAIJ-CD\system\Database\MySQLi\Connection.php(295): mysqli->query('INSERT INTO `us...', 0)
#1 C:\xampp\htdocs\SCSAAIJ-CD\system\Database\BaseConnection.php(691): CodeIgniter\Database\MySQLi\Connection->execute('INSERT INTO `us...')
#2 C:\xampp\htdocs\SCSAAIJ-CD\system\Database\BaseConnection.php(605): CodeIgniter\Database\BaseConnection->simpleQuery('INSERT INTO `us...')
#3 C:\xampp\htdocs\SCSAAIJ-CD\system\Database\BaseBuilder.php(2295): CodeIgniter\Database\BaseConnection->query('INSERT INTO `us...', Array, false)
#4 C:\xampp\htdocs\SCSAAIJ-CD\system\Model.php(329): CodeIgniter\Database\BaseBuilder->insert()
#5 C:\xampp\htdocs\SCSAAIJ-CD\system\BaseModel.php(782): CodeIgniter\Model->doInsert(Array)
#6 C:\xampp\htdocs\SCSAAIJ-CD\system\Model.php(729): CodeIgniter\BaseModel->insert(Array, true)
#7 C:\xampp\htdocs\SCSAAIJ-CD\app\Controllers\UsuariosController.php(56): CodeIgniter\Model->insert(Array)
#8 C:\xampp\htdocs\SCSAAIJ-CD\system\CodeIgniter.php(934): App\Controllers\UsuariosController->new()
#9 C:\xampp\htdocs\SCSAAIJ-CD\system\CodeIgniter.php(499): CodeIgniter\CodeIgniter->runController(Object(App\Controllers\UsuariosController))
#10 C:\xampp\htdocs\SCSAAIJ-CD\system\CodeIgniter.php(368): CodeIgniter\CodeIgniter->handleRequest(NULL, Object(Config\Cache), false)
#11 C:\xampp\htdocs\SCSAAIJ-CD\public\index.php(67): CodeIgniter\CodeIgniter->run()
#12 C:\xampp\htdocs\SCSAAIJ-CD\system\Commands\Server\rewrite.php(47): require_once('C:\\xampp\\htdocs...')
#13 {main}
CRITICAL - 2023-01-23 04:08:44 --> Duplicate entry '0' for key 'PRIMARY'
in SYSTEMPATH\Database\BaseConnection.php on line 645.
 1 SYSTEMPATH\Database\BaseBuilder.php(2295): CodeIgniter\Database\BaseConnection->query('INSERT INTO `usuarios` (`nombre`, `apePat`, `apeMat`, `telefono`, `nomUsr`, `password`, `tipo`) VALUES (:nombre:, :apePat:, :apeMat:, :telefono:, :nomUsr:, :password:, :tipo:)', [...], false)
 2 SYSTEMPATH\Model.php(329): CodeIgniter\Database\BaseBuilder->insert()
 3 SYSTEMPATH\BaseModel.php(782): CodeIgniter\Model->doInsert([...])
 4 SYSTEMPATH\Model.php(729): CodeIgniter\BaseModel->insert([...], true)
 5 APPPATH\Controllers\UsuariosController.php(56): CodeIgniter\Model->insert([...])
 6 SYSTEMPATH\CodeIgniter.php(934): App\Controllers\UsuariosController->new()
 7 SYSTEMPATH\CodeIgniter.php(499): CodeIgniter\CodeIgniter->runController(Object(App\Controllers\UsuariosController))
 8 SYSTEMPATH\CodeIgniter.php(368): CodeIgniter\CodeIgniter->handleRequest(null, Object(Config\Cache), false)
 9 FCPATH\index.php(67): CodeIgniter\CodeIgniter->run()
10 SYSTEMPATH\Commands\Server\rewrite.php(47): require_once('FCPATH\\index.php')
ERROR - 2023-01-23 04:16:54 --> mysqli_sql_exception: Duplicate entry '0' for key 'PRIMARY' in C:\xampp\htdocs\SCSAAIJ-CD\system\Database\MySQLi\Connection.php:295
Stack trace:
#0 C:\xampp\htdocs\SCSAAIJ-CD\system\Database\MySQLi\Connection.php(295): mysqli->query('INSERT INTO `us...', 0)
#1 C:\xampp\htdocs\SCSAAIJ-CD\system\Database\BaseConnection.php(691): CodeIgniter\Database\MySQLi\Connection->execute('INSERT INTO `us...')
#2 C:\xampp\htdocs\SCSAAIJ-CD\system\Database\BaseConnection.php(605): CodeIgniter\Database\BaseConnection->simpleQuery('INSERT INTO `us...')
#3 C:\xampp\htdocs\SCSAAIJ-CD\system\Database\BaseBuilder.php(2295): CodeIgniter\Database\BaseConnection->query('INSERT INTO `us...', Array, false)
#4 C:\xampp\htdocs\SCSAAIJ-CD\system\Model.php(329): CodeIgniter\Database\BaseBuilder->insert()
#5 C:\xampp\htdocs\SCSAAIJ-CD\system\BaseModel.php(782): CodeIgniter\Model->doInsert(Array)
#6 C:\xampp\htdocs\SCSAAIJ-CD\system\Model.php(729): CodeIgniter\BaseModel->insert(Array, true)
#7 C:\xampp\htdocs\SCSAAIJ-CD\app\Controllers\UsuariosController.php(57): CodeIgniter\Model->insert(Array)
#8 C:\xampp\htdocs\SCSAAIJ-CD\system\CodeIgniter.php(934): App\Controllers\UsuariosController->new()
#9 C:\xampp\htdocs\SCSAAIJ-CD\system\CodeIgniter.php(499): CodeIgniter\CodeIgniter->runController(Object(App\Controllers\UsuariosController))
#10 C:\xampp\htdocs\SCSAAIJ-CD\system\CodeIgniter.php(368): CodeIgniter\CodeIgniter->handleRequest(NULL, Object(Config\Cache), false)
#11 C:\xampp\htdocs\SCSAAIJ-CD\public\index.php(67): CodeIgniter\CodeIgniter->run()
#12 C:\xampp\htdocs\SCSAAIJ-CD\system\Commands\Server\rewrite.php(47): require_once('C:\\xampp\\htdocs...')
#13 {main}
CRITICAL - 2023-01-23 04:16:54 --> Duplicate entry '0' for key 'PRIMARY'
in SYSTEMPATH\Database\BaseConnection.php on line 645.
 1 SYSTEMPATH\Database\BaseBuilder.php(2295): CodeIgniter\Database\BaseConnection->query('INSERT INTO `usuarios` (`nombre`, `apePat`, `apeMat`, `telefono`, `nomUsr`, `password`, `tipo`) VALUES (:nombre:, :apePat:, :apeMat:, :telefono:, :nomUsr:, :password:, :tipo:)', [...], false)
 2 SYSTEMPATH\Model.php(329): CodeIgniter\Database\BaseBuilder->insert()
 3 SYSTEMPATH\BaseModel.php(782): CodeIgniter\Model->doInsert([...])
 4 SYSTEMPATH\Model.php(729): CodeIgniter\BaseModel->insert([...], true)
 5 APPPATH\Controllers\UsuariosController.php(57): CodeIgniter\Model->insert([...])
 6 SYSTEMPATH\CodeIgniter.php(934): App\Controllers\UsuariosController->new()
 7 SYSTEMPATH\CodeIgniter.php(499): CodeIgniter\CodeIgniter->runController(Object(App\Controllers\UsuariosController))
 8 SYSTEMPATH\CodeIgniter.php(368): CodeIgniter\CodeIgniter->handleRequest(null, Object(Config\Cache), false)
 9 FCPATH\index.php(67): CodeIgniter\CodeIgniter->run()
10 SYSTEMPATH\Commands\Server\rewrite.php(47): require_once('FCPATH\\index.php')
ERROR - 2023-01-23 04:17:11 --> mysqli_sql_exception: Duplicate entry '0' for key 'PRIMARY' in C:\xampp\htdocs\SCSAAIJ-CD\system\Database\MySQLi\Connection.php:295
Stack trace:
#0 C:\xampp\htdocs\SCSAAIJ-CD\system\Database\MySQLi\Connection.php(295): mysqli->query('INSERT INTO `us...', 0)
#1 C:\xampp\htdocs\SCSAAIJ-CD\system\Database\BaseConnection.php(691): CodeIgniter\Database\MySQLi\Connection->execute('INSERT INTO `us...')
#2 C:\xampp\htdocs\SCSAAIJ-CD\system\Database\BaseConnection.php(605): CodeIgniter\Database\BaseConnection->simpleQuery('INSERT INTO `us...')
#3 C:\xampp\htdocs\SCSAAIJ-CD\system\Database\BaseBuilder.php(2295): CodeIgniter\Database\BaseConnection->query('INSERT INTO `us...', Array, false)
#4 C:\xampp\htdocs\SCSAAIJ-CD\system\Model.php(329): CodeIgniter\Database\BaseBuilder->insert()
#5 C:\xampp\htdocs\SCSAAIJ-CD\system\BaseModel.php(782): CodeIgniter\Model->doInsert(Array)
#6 C:\xampp\htdocs\SCSAAIJ-CD\system\Model.php(729): CodeIgniter\BaseModel->insert(Array, true)
#7 C:\xampp\htdocs\SCSAAIJ-CD\app\Controllers\UsuariosController.php(57): CodeIgniter\Model->insert(Array)
#8 C:\xampp\htdocs\SCSAAIJ-CD\system\CodeIgniter.php(934): App\Controllers\UsuariosController->new()
#9 C:\xampp\htdocs\SCSAAIJ-CD\system\CodeIgniter.php(499): CodeIgniter\CodeIgniter->runController(Object(App\Controllers\UsuariosController))
#10 C:\xampp\htdocs\SCSAAIJ-CD\system\CodeIgniter.php(368): CodeIgniter\CodeIgniter->handleRequest(NULL, Object(Config\Cache), false)
#11 C:\xampp\htdocs\SCSAAIJ-CD\public\index.php(67): CodeIgniter\CodeIgniter->run()
#12 C:\xampp\htdocs\SCSAAIJ-CD\system\Commands\Server\rewrite.php(47): require_once('C:\\xampp\\htdocs...')
#13 {main}
CRITICAL - 2023-01-23 04:17:11 --> Duplicate entry '0' for key 'PRIMARY'
in SYSTEMPATH\Database\BaseConnection.php on line 645.
 1 SYSTEMPATH\Database\BaseBuilder.php(2295): CodeIgniter\Database\BaseConnection->query('INSERT INTO `usuarios` (`nombre`, `apePat`, `apeMat`, `telefono`, `nomUsr`, `password`, `tipo`) VALUES (:nombre:, :apePat:, :apeMat:, :telefono:, :nomUsr:, :password:, :tipo:)', [...], false)
 2 SYSTEMPATH\Model.php(329): CodeIgniter\Database\BaseBuilder->insert()
 3 SYSTEMPATH\BaseModel.php(782): CodeIgniter\Model->doInsert([...])
 4 SYSTEMPATH\Model.php(729): CodeIgniter\BaseModel->insert([...], true)
 5 APPPATH\Controllers\UsuariosController.php(57): CodeIgniter\Model->insert([...])
 6 SYSTEMPATH\CodeIgniter.php(934): App\Controllers\UsuariosController->new()
 7 SYSTEMPATH\CodeIgniter.php(499): CodeIgniter\CodeIgniter->runController(Object(App\Controllers\UsuariosController))
 8 SYSTEMPATH\CodeIgniter.php(368): CodeIgniter\CodeIgniter->handleRequest(null, Object(Config\Cache), false)
 9 FCPATH\index.php(67): CodeIgniter\CodeIgniter->run()
10 SYSTEMPATH\Commands\Server\rewrite.php(47): require_once('FCPATH\\index.php')
ERROR - 2023-01-23 04:22:44 --> mysqli_sql_exception: Duplicate entry '0' for key 'PRIMARY' in C:\xampp\htdocs\SCSAAIJ-CD\system\Database\MySQLi\Connection.php:295
Stack trace:
#0 C:\xampp\htdocs\SCSAAIJ-CD\system\Database\MySQLi\Connection.php(295): mysqli->query('INSERT INTO `us...', 0)
#1 C:\xampp\htdocs\SCSAAIJ-CD\system\Database\BaseConnection.php(691): CodeIgniter\Database\MySQLi\Connection->execute('INSERT INTO `us...')
#2 C:\xampp\htdocs\SCSAAIJ-CD\system\Database\BaseConnection.php(605): CodeIgniter\Database\BaseConnection->simpleQuery('INSERT INTO `us...')
#3 C:\xampp\htdocs\SCSAAIJ-CD\system\Database\BaseBuilder.php(2295): CodeIgniter\Database\BaseConnection->query('INSERT INTO `us...', Array, false)
#4 C:\xampp\htdocs\SCSAAIJ-CD\system\Model.php(329): CodeIgniter\Database\BaseBuilder->insert()
#5 C:\xampp\htdocs\SCSAAIJ-CD\system\BaseModel.php(782): CodeIgniter\Model->doInsert(Array)
#6 C:\xampp\htdocs\SCSAAIJ-CD\system\Model.php(729): CodeIgniter\BaseModel->insert(Array, true)
#7 C:\xampp\htdocs\SCSAAIJ-CD\app\Controllers\UsuariosController.php(57): CodeIgniter\Model->insert(Array)
#8 C:\xampp\htdocs\SCSAAIJ-CD\system\CodeIgniter.php(934): App\Controllers\UsuariosController->new()
#9 C:\xampp\htdocs\SCSAAIJ-CD\system\CodeIgniter.php(499): CodeIgniter\CodeIgniter->runController(Object(App\Controllers\UsuariosController))
#10 C:\xampp\htdocs\SCSAAIJ-CD\system\CodeIgniter.php(368): CodeIgniter\CodeIgniter->handleRequest(NULL, Object(Config\Cache), false)
#11 C:\xampp\htdocs\SCSAAIJ-CD\public\index.php(67): CodeIgniter\CodeIgniter->run()
#12 C:\xampp\htdocs\SCSAAIJ-CD\system\Commands\Server\rewrite.php(47): require_once('C:\\xampp\\htdocs...')
#13 {main}
CRITICAL - 2023-01-23 04:22:44 --> Duplicate entry '0' for key 'PRIMARY'
in SYSTEMPATH\Database\BaseConnection.php on line 645.
 1 SYSTEMPATH\Database\BaseBuilder.php(2295): CodeIgniter\Database\BaseConnection->query('INSERT INTO `usuarios` (`nombre`, `apePat`, `apeMat`, `telefono`, `nomUsr`, `password`, `tipo`) VALUES (:nombre:, :apePat:, :apeMat:, :telefono:, :nomUsr:, :password:, :tipo:)', [...], false)
 2 SYSTEMPATH\Model.php(329): CodeIgniter\Database\BaseBuilder->insert()
 3 SYSTEMPATH\BaseModel.php(782): CodeIgniter\Model->doInsert([...])
 4 SYSTEMPATH\Model.php(729): CodeIgniter\BaseModel->insert([...], true)
 5 APPPATH\Controllers\UsuariosController.php(57): CodeIgniter\Model->insert([...])
 6 SYSTEMPATH\CodeIgniter.php(934): App\Controllers\UsuariosController->new()
 7 SYSTEMPATH\CodeIgniter.php(499): CodeIgniter\CodeIgniter->runController(Object(App\Controllers\UsuariosController))
 8 SYSTEMPATH\CodeIgniter.php(368): CodeIgniter\CodeIgniter->handleRequest(null, Object(Config\Cache), false)
 9 FCPATH\index.php(67): CodeIgniter\CodeIgniter->run()
10 SYSTEMPATH\Commands\Server\rewrite.php(47): require_once('FCPATH\\index.php')
ERROR - 2023-01-23 04:25:40 --> mysqli_sql_exception: Duplicate entry '0' for key 'PRIMARY' in C:\xampp\htdocs\SCSAAIJ-CD\system\Database\MySQLi\Connection.php:295
Stack trace:
#0 C:\xampp\htdocs\SCSAAIJ-CD\system\Database\MySQLi\Connection.php(295): mysqli->query('INSERT INTO `us...', 0)
#1 C:\xampp\htdocs\SCSAAIJ-CD\system\Database\BaseConnection.php(691): CodeIgniter\Database\MySQLi\Connection->execute('INSERT INTO `us...')
#2 C:\xampp\htdocs\SCSAAIJ-CD\system\Database\BaseConnection.php(605): CodeIgniter\Database\BaseConnection->simpleQuery('INSERT INTO `us...')
#3 C:\xampp\htdocs\SCSAAIJ-CD\system\Database\BaseBuilder.php(2295): CodeIgniter\Database\BaseConnection->query('INSERT INTO `us...', Array, false)
#4 C:\xampp\htdocs\SCSAAIJ-CD\system\Model.php(329): CodeIgniter\Database\BaseBuilder->insert()
#5 C:\xampp\htdocs\SCSAAIJ-CD\system\BaseModel.php(782): CodeIgniter\Model->doInsert(Array)
#6 C:\xampp\htdocs\SCSAAIJ-CD\system\Model.php(729): CodeIgniter\BaseModel->insert(Array, true)
#7 C:\xampp\htdocs\SCSAAIJ-CD\app\Controllers\UsuariosController.php(57): CodeIgniter\Model->insert(Array)
#8 C:\xampp\htdocs\SCSAAIJ-CD\system\CodeIgniter.php(934): App\Controllers\UsuariosController->new()
#9 C:\xampp\htdocs\SCSAAIJ-CD\system\CodeIgniter.php(499): CodeIgniter\CodeIgniter->runController(Object(App\Controllers\UsuariosController))
#10 C:\xampp\htdocs\SCSAAIJ-CD\system\CodeIgniter.php(368): CodeIgniter\CodeIgniter->handleRequest(NULL, Object(Config\Cache), false)
#11 C:\xampp\htdocs\SCSAAIJ-CD\public\index.php(67): CodeIgniter\CodeIgniter->run()
#12 C:\xampp\htdocs\SCSAAIJ-CD\system\Commands\Server\rewrite.php(47): require_once('C:\\xampp\\htdocs...')
#13 {main}
CRITICAL - 2023-01-23 04:25:40 --> Duplicate entry '0' for key 'PRIMARY'
in SYSTEMPATH\Database\BaseConnection.php on line 645.
 1 SYSTEMPATH\Database\BaseBuilder.php(2295): CodeIgniter\Database\BaseConnection->query('INSERT INTO `usuarios` (`nombre`, `apePat`, `apeMat`, `telefono`, `nomUsr`, `password`, `tipo`) VALUES (:nombre:, :apePat:, :apeMat:, :telefono:, :nomUsr:, :password:, :tipo:)', [...], false)
 2 SYSTEMPATH\Model.php(329): CodeIgniter\Database\BaseBuilder->insert()
 3 SYSTEMPATH\BaseModel.php(782): CodeIgniter\Model->doInsert([...])
 4 SYSTEMPATH\Model.php(729): CodeIgniter\BaseModel->insert([...], true)
 5 APPPATH\Controllers\UsuariosController.php(57): CodeIgniter\Model->insert([...])
 6 SYSTEMPATH\CodeIgniter.php(934): App\Controllers\UsuariosController->new()
 7 SYSTEMPATH\CodeIgniter.php(499): CodeIgniter\CodeIgniter->runController(Object(App\Controllers\UsuariosController))
 8 SYSTEMPATH\CodeIgniter.php(368): CodeIgniter\CodeIgniter->handleRequest(null, Object(Config\Cache), false)
 9 FCPATH\index.php(67): CodeIgniter\CodeIgniter->run()
10 SYSTEMPATH\Commands\Server\rewrite.php(47): require_once('FCPATH\\index.php')
ERROR - 2023-01-23 04:28:37 --> mysqli_sql_exception: Duplicate entry '0' for key 'PRIMARY' in C:\xampp\htdocs\SCSAAIJ-CD\system\Database\MySQLi\Connection.php:295
Stack trace:
#0 C:\xampp\htdocs\SCSAAIJ-CD\system\Database\MySQLi\Connection.php(295): mysqli->query('INSERT INTO `us...', 0)
#1 C:\xampp\htdocs\SCSAAIJ-CD\system\Database\BaseConnection.php(691): CodeIgniter\Database\MySQLi\Connection->execute('INSERT INTO `us...')
#2 C:\xampp\htdocs\SCSAAIJ-CD\system\Database\BaseConnection.php(605): CodeIgniter\Database\BaseConnection->simpleQuery('INSERT INTO `us...')
#3 C:\xampp\htdocs\SCSAAIJ-CD\system\Database\BaseBuilder.php(2295): CodeIgniter\Database\BaseConnection->query('INSERT INTO `us...', Array, false)
#4 C:\xampp\htdocs\SCSAAIJ-CD\system\Model.php(329): CodeIgniter\Database\BaseBuilder->insert()
#5 C:\xampp\htdocs\SCSAAIJ-CD\system\BaseModel.php(782): CodeIgniter\Model->doInsert(Array)
#6 C:\xampp\htdocs\SCSAAIJ-CD\system\Model.php(729): CodeIgniter\BaseModel->insert(Array, true)
#7 C:\xampp\htdocs\SCSAAIJ-CD\app\Controllers\UsuariosController.php(76): CodeIgniter\Model->insert(Array)
#8 C:\xampp\htdocs\SCSAAIJ-CD\system\CodeIgniter.php(934): App\Controllers\UsuariosController->new()
#9 C:\xampp\htdocs\SCSAAIJ-CD\system\CodeIgniter.php(499): CodeIgniter\CodeIgniter->runController(Object(App\Controllers\UsuariosController))
#10 C:\xampp\htdocs\SCSAAIJ-CD\system\CodeIgniter.php(368): CodeIgniter\CodeIgniter->handleRequest(NULL, Object(Config\Cache), false)
#11 C:\xampp\htdocs\SCSAAIJ-CD\public\index.php(67): CodeIgniter\CodeIgniter->run()
#12 C:\xampp\htdocs\SCSAAIJ-CD\system\Commands\Server\rewrite.php(47): require_once('C:\\xampp\\htdocs...')
#13 {main}
CRITICAL - 2023-01-23 04:28:37 --> Duplicate entry '0' for key 'PRIMARY'
in SYSTEMPATH\Database\BaseConnection.php on line 645.
 1 SYSTEMPATH\Database\BaseBuilder.php(2295): CodeIgniter\Database\BaseConnection->query('INSERT INTO `usuarios` (`nombre`, `apePat`, `apeMat`, `telefono`, `nomUsr`, `password`, `tipo`) VALUES (:nombre:, :apePat:, :apeMat:, :telefono:, :nomUsr:, :password:, :tipo:)', [...], false)
 2 SYSTEMPATH\Model.php(329): CodeIgniter\Database\BaseBuilder->insert()
 3 SYSTEMPATH\BaseModel.php(782): CodeIgniter\Model->doInsert([...])
 4 SYSTEMPATH\Model.php(729): CodeIgniter\BaseModel->insert([...], true)
 5 APPPATH\Controllers\UsuariosController.php(76): CodeIgniter\Model->insert([...])
 6 SYSTEMPATH\CodeIgniter.php(934): App\Controllers\UsuariosController->new()
 7 SYSTEMPATH\CodeIgniter.php(499): CodeIgniter\CodeIgniter->runController(Object(App\Controllers\UsuariosController))
 8 SYSTEMPATH\CodeIgniter.php(368): CodeIgniter\CodeIgniter->handleRequest(null, Object(Config\Cache), false)
 9 FCPATH\index.php(67): CodeIgniter\CodeIgniter->run()
10 SYSTEMPATH\Commands\Server\rewrite.php(47): require_once('FCPATH\\index.php')
ERROR - 2023-01-23 04:28:53 --> mysqli_sql_exception: Duplicate entry '0' for key 'PRIMARY' in C:\xampp\htdocs\SCSAAIJ-CD\system\Database\MySQLi\Connection.php:295
Stack trace:
#0 C:\xampp\htdocs\SCSAAIJ-CD\system\Database\MySQLi\Connection.php(295): mysqli->query('INSERT INTO `us...', 0)
#1 C:\xampp\htdocs\SCSAAIJ-CD\system\Database\BaseConnection.php(691): CodeIgniter\Database\MySQLi\Connection->execute('INSERT INTO `us...')
#2 C:\xampp\htdocs\SCSAAIJ-CD\system\Database\BaseConnection.php(605): CodeIgniter\Database\BaseConnection->simpleQuery('INSERT INTO `us...')
#3 C:\xampp\htdocs\SCSAAIJ-CD\system\Database\BaseBuilder.php(2295): CodeIgniter\Database\BaseConnection->query('INSERT INTO `us...', Array, false)
#4 C:\xampp\htdocs\SCSAAIJ-CD\system\Model.php(329): CodeIgniter\Database\BaseBuilder->insert()
#5 C:\xampp\htdocs\SCSAAIJ-CD\system\BaseModel.php(782): CodeIgniter\Model->doInsert(Array)
#6 C:\xampp\htdocs\SCSAAIJ-CD\system\Model.php(729): CodeIgniter\BaseModel->insert(Array, true)
#7 C:\xampp\htdocs\SCSAAIJ-CD\app\Controllers\UsuariosController.php(76): CodeIgniter\Model->insert(Array)
#8 C:\xampp\htdocs\SCSAAIJ-CD\system\CodeIgniter.php(934): App\Controllers\UsuariosController->new()
#9 C:\xampp\htdocs\SCSAAIJ-CD\system\CodeIgniter.php(499): CodeIgniter\CodeIgniter->runController(Object(App\Controllers\UsuariosController))
#10 C:\xampp\htdocs\SCSAAIJ-CD\system\CodeIgniter.php(368): CodeIgniter\CodeIgniter->handleRequest(NULL, Object(Config\Cache), false)
#11 C:\xampp\htdocs\SCSAAIJ-CD\public\index.php(67): CodeIgniter\CodeIgniter->run()
#12 C:\xampp\htdocs\SCSAAIJ-CD\system\Commands\Server\rewrite.php(47): require_once('C:\\xampp\\htdocs...')
#13 {main}
CRITICAL - 2023-01-23 04:28:53 --> Duplicate entry '0' for key 'PRIMARY'
in SYSTEMPATH\Database\BaseConnection.php on line 645.
 1 SYSTEMPATH\Database\BaseBuilder.php(2295): CodeIgniter\Database\BaseConnection->query('INSERT INTO `usuarios` (`nombre`, `apePat`, `apeMat`, `telefono`, `nomUsr`, `password`, `tipo`) VALUES (:nombre:, :apePat:, :apeMat:, :telefono:, :nomUsr:, :password:, :tipo:)', [...], false)
 2 SYSTEMPATH\Model.php(329): CodeIgniter\Database\BaseBuilder->insert()
 3 SYSTEMPATH\BaseModel.php(782): CodeIgniter\Model->doInsert([...])
 4 SYSTEMPATH\Model.php(729): CodeIgniter\BaseModel->insert([...], true)
 5 APPPATH\Controllers\UsuariosController.php(76): CodeIgniter\Model->insert([...])
 6 SYSTEMPATH\CodeIgniter.php(934): App\Controllers\UsuariosController->new()
 7 SYSTEMPATH\CodeIgniter.php(499): CodeIgniter\CodeIgniter->runController(Object(App\Controllers\UsuariosController))
 8 SYSTEMPATH\CodeIgniter.php(368): CodeIgniter\CodeIgniter->handleRequest(null, Object(Config\Cache), false)
 9 FCPATH\index.php(67): CodeIgniter\CodeIgniter->run()
10 SYSTEMPATH\Commands\Server\rewrite.php(47): require_once('FCPATH\\index.php')
ERROR - 2023-01-23 04:29:00 --> mysqli_sql_exception: Duplicate entry '0' for key 'PRIMARY' in C:\xampp\htdocs\SCSAAIJ-CD\system\Database\MySQLi\Connection.php:295
Stack trace:
#0 C:\xampp\htdocs\SCSAAIJ-CD\system\Database\MySQLi\Connection.php(295): mysqli->query('INSERT INTO `us...', 0)
#1 C:\xampp\htdocs\SCSAAIJ-CD\system\Database\BaseConnection.php(691): CodeIgniter\Database\MySQLi\Connection->execute('INSERT INTO `us...')
#2 C:\xampp\htdocs\SCSAAIJ-CD\system\Database\BaseConnection.php(605): CodeIgniter\Database\BaseConnection->simpleQuery('INSERT INTO `us...')
#3 C:\xampp\htdocs\SCSAAIJ-CD\system\Database\BaseBuilder.php(2295): CodeIgniter\Database\BaseConnection->query('INSERT INTO `us...', Array, false)
#4 C:\xampp\htdocs\SCSAAIJ-CD\system\Model.php(329): CodeIgniter\Database\BaseBuilder->insert()
#5 C:\xampp\htdocs\SCSAAIJ-CD\system\BaseModel.php(782): CodeIgniter\Model->doInsert(Array)
#6 C:\xampp\htdocs\SCSAAIJ-CD\system\Model.php(729): CodeIgniter\BaseModel->insert(Array, true)
#7 C:\xampp\htdocs\SCSAAIJ-CD\app\Controllers\UsuariosController.php(76): CodeIgniter\Model->insert(Array)
#8 C:\xampp\htdocs\SCSAAIJ-CD\system\CodeIgniter.php(934): App\Controllers\UsuariosController->new()
#9 C:\xampp\htdocs\SCSAAIJ-CD\system\CodeIgniter.php(499): CodeIgniter\CodeIgniter->runController(Object(App\Controllers\UsuariosController))
#10 C:\xampp\htdocs\SCSAAIJ-CD\system\CodeIgniter.php(368): CodeIgniter\CodeIgniter->handleRequest(NULL, Object(Config\Cache), false)
#11 C:\xampp\htdocs\SCSAAIJ-CD\public\index.php(67): CodeIgniter\CodeIgniter->run()
#12 C:\xampp\htdocs\SCSAAIJ-CD\system\Commands\Server\rewrite.php(47): require_once('C:\\xampp\\htdocs...')
#13 {main}
CRITICAL - 2023-01-23 04:29:00 --> Duplicate entry '0' for key 'PRIMARY'
in SYSTEMPATH\Database\BaseConnection.php on line 645.
 1 SYSTEMPATH\Database\BaseBuilder.php(2295): CodeIgniter\Database\BaseConnection->query('INSERT INTO `usuarios` (`nombre`, `apePat`, `apeMat`, `telefono`, `nomUsr`, `password`, `tipo`) VALUES (:nombre:, :apePat:, :apeMat:, :telefono:, :nomUsr:, :password:, :tipo:)', [...], false)
 2 SYSTEMPATH\Model.php(329): CodeIgniter\Database\BaseBuilder->insert()
 3 SYSTEMPATH\BaseModel.php(782): CodeIgniter\Model->doInsert([...])
 4 SYSTEMPATH\Model.php(729): CodeIgniter\BaseModel->insert([...], true)
 5 APPPATH\Controllers\UsuariosController.php(76): CodeIgniter\Model->insert([...])
 6 SYSTEMPATH\CodeIgniter.php(934): App\Controllers\UsuariosController->new()
 7 SYSTEMPATH\CodeIgniter.php(499): CodeIgniter\CodeIgniter->runController(Object(App\Controllers\UsuariosController))
 8 SYSTEMPATH\CodeIgniter.php(368): CodeIgniter\CodeIgniter->handleRequest(null, Object(Config\Cache), false)
 9 FCPATH\index.php(67): CodeIgniter\CodeIgniter->run()
10 SYSTEMPATH\Commands\Server\rewrite.php(47): require_once('FCPATH\\index.php')
ERROR - 2023-01-23 04:29:24 --> mysqli_sql_exception: Duplicate entry '0' for key 'PRIMARY' in C:\xampp\htdocs\SCSAAIJ-CD\system\Database\MySQLi\Connection.php:295
Stack trace:
#0 C:\xampp\htdocs\SCSAAIJ-CD\system\Database\MySQLi\Connection.php(295): mysqli->query('INSERT INTO `us...', 0)
#1 C:\xampp\htdocs\SCSAAIJ-CD\system\Database\BaseConnection.php(691): CodeIgniter\Database\MySQLi\Connection->execute('INSERT INTO `us...')
#2 C:\xampp\htdocs\SCSAAIJ-CD\system\Database\BaseConnection.php(605): CodeIgniter\Database\BaseConnection->simpleQuery('INSERT INTO `us...')
#3 C:\xampp\htdocs\SCSAAIJ-CD\system\Database\BaseBuilder.php(2295): CodeIgniter\Database\BaseConnection->query('INSERT INTO `us...', Array, false)
#4 C:\xampp\htdocs\SCSAAIJ-CD\system\Model.php(329): CodeIgniter\Database\BaseBuilder->insert()
#5 C:\xampp\htdocs\SCSAAIJ-CD\system\BaseModel.php(782): CodeIgniter\Model->doInsert(Array)
#6 C:\xampp\htdocs\SCSAAIJ-CD\system\Model.php(729): CodeIgniter\BaseModel->insert(Array, true)
#7 C:\xampp\htdocs\SCSAAIJ-CD\app\Controllers\UsuariosController.php(76): CodeIgniter\Model->insert(Array)
#8 C:\xampp\htdocs\SCSAAIJ-CD\system\CodeIgniter.php(934): App\Controllers\UsuariosController->new()
#9 C:\xampp\htdocs\SCSAAIJ-CD\system\CodeIgniter.php(499): CodeIgniter\CodeIgniter->runController(Object(App\Controllers\UsuariosController))
#10 C:\xampp\htdocs\SCSAAIJ-CD\system\CodeIgniter.php(368): CodeIgniter\CodeIgniter->handleRequest(NULL, Object(Config\Cache), false)
#11 C:\xampp\htdocs\SCSAAIJ-CD\public\index.php(67): CodeIgniter\CodeIgniter->run()
#12 C:\xampp\htdocs\SCSAAIJ-CD\system\Commands\Server\rewrite.php(47): require_once('C:\\xampp\\htdocs...')
#13 {main}
CRITICAL - 2023-01-23 04:29:24 --> Duplicate entry '0' for key 'PRIMARY'
in SYSTEMPATH\Database\BaseConnection.php on line 645.
 1 SYSTEMPATH\Database\BaseBuilder.php(2295): CodeIgniter\Database\BaseConnection->query('INSERT INTO `usuarios` (`nombre`, `apePat`, `apeMat`, `telefono`, `nomUsr`, `password`, `tipo`) VALUES (:nombre:, :apePat:, :apeMat:, :telefono:, :nomUsr:, :password:, :tipo:)', [...], false)
 2 SYSTEMPATH\Model.php(329): CodeIgniter\Database\BaseBuilder->insert()
 3 SYSTEMPATH\BaseModel.php(782): CodeIgniter\Model->doInsert([...])
 4 SYSTEMPATH\Model.php(729): CodeIgniter\BaseModel->insert([...], true)
 5 APPPATH\Controllers\UsuariosController.php(76): CodeIgniter\Model->insert([...])
 6 SYSTEMPATH\CodeIgniter.php(934): App\Controllers\UsuariosController->new()
 7 SYSTEMPATH\CodeIgniter.php(499): CodeIgniter\CodeIgniter->runController(Object(App\Controllers\UsuariosController))
 8 SYSTEMPATH\CodeIgniter.php(368): CodeIgniter\CodeIgniter->handleRequest(null, Object(Config\Cache), false)
 9 FCPATH\index.php(67): CodeIgniter\CodeIgniter->run()
10 SYSTEMPATH\Commands\Server\rewrite.php(47): require_once('FCPATH\\index.php')
ERROR - 2023-01-23 04:37:39 --> mysqli_sql_exception: Can't create table `scsaaij-cd`.`historial` (errno: 150 "Foreign key constraint is incorrectly formed") in C:\xampp\htdocs\SCSAAIJ-CD\system\Database\MySQLi\Connection.php:295
Stack trace:
#0 C:\xampp\htdocs\SCSAAIJ-CD\system\Database\MySQLi\Connection.php(295): mysqli->query('CREATE TABLE `H...', 0)
#1 C:\xampp\htdocs\SCSAAIJ-CD\system\Database\BaseConnection.php(691): CodeIgniter\Database\MySQLi\Connection->execute('CREATE TABLE `H...')
#2 C:\xampp\htdocs\SCSAAIJ-CD\system\Database\BaseConnection.php(605): CodeIgniter\Database\BaseConnection->simpleQuery('CREATE TABLE `H...')
#3 C:\xampp\htdocs\SCSAAIJ-CD\system\Database\Forge.php(546): CodeIgniter\Database\BaseConnection->query('CREATE TABLE `H...')
#4 C:\xampp\htdocs\SCSAAIJ-CD\app\Database\Migrations\2023-01-21-042131_Historial.php(49): CodeIgniter\Database\Forge->createTable('Historial')
#5 C:\xampp\htdocs\SCSAAIJ-CD\system\Database\MigrationRunner.php(877): App\Database\Migrations\Historial->up()
#6 C:\xampp\htdocs\SCSAAIJ-CD\system\Database\MigrationRunner.php(188): CodeIgniter\Database\MigrationRunner->migrate('up', Object(stdClass))
#7 C:\xampp\htdocs\SCSAAIJ-CD\system\Commands\Database\Migrate.php(84): CodeIgniter\Database\MigrationRunner->latest(NULL)
#8 C:\xampp\htdocs\SCSAAIJ-CD\system\CLI\Commands.php(65): CodeIgniter\Commands\Database\Migrate->run(Array)
#9 C:\xampp\htdocs\SCSAAIJ-CD\system\CLI\Console.php(37): CodeIgniter\CLI\Commands->run('migrate', Array)
#10 C:\xampp\htdocs\SCSAAIJ-CD\spark(97): CodeIgniter\CLI\Console->run()
#11 {main}
CRITICAL - 2023-01-23 04:56:54 --> filter_var(): Unknown filter with ID 1
in SYSTEMPATH\HTTP\RequestTrait.php on line 330.
 1 [internal function]: CodeIgniter\Debug\Exceptions->errorHandler(2, 'filter_var(): Unknown filter with ID 1', 'SYSTEMPATH\\HTTP\\RequestTrait.php', 330)
 2 SYSTEMPATH\HTTP\RequestTrait.php(330): filter_var('pablo1234', 1, 0)
 3 SYSTEMPATH\HTTP\IncomingRequest.php(776): CodeIgniter\HTTP\Request->fetchGlobal('post', 'password', 1, 0)
 4 APPPATH\Controllers\UsuariosController.php(64): CodeIgniter\HTTP\IncomingRequest->getPost('password', true)
 5 SYSTEMPATH\CodeIgniter.php(934): App\Controllers\UsuariosController->new()
 6 SYSTEMPATH\CodeIgniter.php(499): CodeIgniter\CodeIgniter->runController(Object(App\Controllers\UsuariosController))
 7 SYSTEMPATH\CodeIgniter.php(368): CodeIgniter\CodeIgniter->handleRequest(null, Object(Config\Cache), false)
 8 FCPATH\index.php(67): CodeIgniter\CodeIgniter->run()
 9 SYSTEMPATH\Commands\Server\rewrite.php(47): require_once('FCPATH\\index.php')
CRITICAL - 2023-01-23 04:57:22 --> filter_var(): Unknown filter with ID 1
in SYSTEMPATH\HTTP\RequestTrait.php on line 330.
 1 [internal function]: CodeIgniter\Debug\Exceptions->errorHandler(2, 'filter_var(): Unknown filter with ID 1', 'SYSTEMPATH\\HTTP\\RequestTrait.php', 330)
 2 SYSTEMPATH\HTTP\RequestTrait.php(330): filter_var('pablo1234', 1, 0)
 3 SYSTEMPATH\HTTP\IncomingRequest.php(776): CodeIgniter\HTTP\Request->fetchGlobal('post', 'password', 1, 0)
 4 APPPATH\Controllers\UsuariosController.php(64): CodeIgniter\HTTP\IncomingRequest->getPost('password', true)
 5 SYSTEMPATH\CodeIgniter.php(934): App\Controllers\UsuariosController->new()
 6 SYSTEMPATH\CodeIgniter.php(499): CodeIgniter\CodeIgniter->runController(Object(App\Controllers\UsuariosController))
 7 SYSTEMPATH\CodeIgniter.php(368): CodeIgniter\CodeIgniter->handleRequest(null, Object(Config\Cache), false)
 8 FCPATH\index.php(67): CodeIgniter\CodeIgniter->run()
 9 SYSTEMPATH\Commands\Server\rewrite.php(47): require_once('FCPATH\\index.php')
CRITICAL - 2023-01-23 04:57:56 --> filter_var(): Unknown filter with ID 1
in SYSTEMPATH\HTTP\RequestTrait.php on line 330.
 1 [internal function]: CodeIgniter\Debug\Exceptions->errorHandler(2, 'filter_var(): Unknown filter with ID 1', 'SYSTEMPATH\\HTTP\\RequestTrait.php', 330)
 2 SYSTEMPATH\HTTP\RequestTrait.php(330): filter_var('pablo1234', 1, 0)
 3 SYSTEMPATH\HTTP\IncomingRequest.php(776): CodeIgniter\HTTP\Request->fetchGlobal('post', 'password', 1, 0)
 4 APPPATH\Controllers\UsuariosController.php(64): CodeIgniter\HTTP\IncomingRequest->getPost('password', true)
 5 SYSTEMPATH\CodeIgniter.php(934): App\Controllers\UsuariosController->new()
 6 SYSTEMPATH\CodeIgniter.php(499): CodeIgniter\CodeIgniter->runController(Object(App\Controllers\UsuariosController))
 7 SYSTEMPATH\CodeIgniter.php(368): CodeIgniter\CodeIgniter->handleRequest(null, Object(Config\Cache), false)
 8 FCPATH\index.php(67): CodeIgniter\CodeIgniter->run()
 9 SYSTEMPATH\Commands\Server\rewrite.php(47): require_once('FCPATH\\index.php')
CRITICAL - 2023-01-23 17:48:24 --> Too few arguments to function App\Controllers\UsuariosController::getId(), 0 passed in C:\xampp\htdocs\SCSAAIJ-CD\system\CodeIgniter.php on line 934 and exactly 1 expected
in APPPATH\Controllers\UsuariosController.php on line 51.
 1 SYSTEMPATH\CodeIgniter.php(934): App\Controllers\UsuariosController->getId()
 2 SYSTEMPATH\CodeIgniter.php(499): CodeIgniter\CodeIgniter->runController(Object(App\Controllers\UsuariosController))
 3 SYSTEMPATH\CodeIgniter.php(368): CodeIgniter\CodeIgniter->handleRequest(null, Object(Config\Cache), false)
 4 FCPATH\index.php(67): CodeIgniter\CodeIgniter->run()
 5 SYSTEMPATH\Commands\Server\rewrite.php(47): require_once('FCPATH\\index.php')
CRITICAL - 2023-01-23 17:48:56 --> Too few arguments to function App\Controllers\UsuariosController::getId(), 0 passed in C:\xampp\htdocs\SCSAAIJ-CD\system\CodeIgniter.php on line 934 and exactly 1 expected
in APPPATH\Controllers\UsuariosController.php on line 51.
 1 SYSTEMPATH\CodeIgniter.php(934): App\Controllers\UsuariosController->getId()
 2 SYSTEMPATH\CodeIgniter.php(499): CodeIgniter\CodeIgniter->runController(Object(App\Controllers\UsuariosController))
 3 SYSTEMPATH\CodeIgniter.php(368): CodeIgniter\CodeIgniter->handleRequest(null, Object(Config\Cache), false)
 4 FCPATH\index.php(67): CodeIgniter\CodeIgniter->run()
 5 SYSTEMPATH\Commands\Server\rewrite.php(47): require_once('FCPATH\\index.php')
CRITICAL - 2023-01-23 17:51:24 --> Array to string conversion
in APPPATH\Controllers\UsuariosController.php on line 58.
 1 APPPATH\Controllers\UsuariosController.php(58): CodeIgniter\Debug\Exceptions->errorHandler(2, 'Array to string conversion', 'APPPATH\\Controllers\\UsuariosController.php', 58)
 2 SYSTEMPATH\CodeIgniter.php(934): App\Controllers\UsuariosController->getId('1')
 3 SYSTEMPATH\CodeIgniter.php(499): CodeIgniter\CodeIgniter->runController(Object(App\Controllers\UsuariosController))
 4 SYSTEMPATH\CodeIgniter.php(368): CodeIgniter\CodeIgniter->handleRequest(null, Object(Config\Cache), false)
 5 FCPATH\index.php(67): CodeIgniter\CodeIgniter->run()
 6 SYSTEMPATH\Commands\Server\rewrite.php(47): require_once('FCPATH\\index.php')
CRITICAL - 2023-01-23 20:56:24 --> Array to string conversion
in APPPATH\Controllers\UsuariosController.php on line 66.
 1 APPPATH\Controllers\UsuariosController.php(66): CodeIgniter\Debug\Exceptions->errorHandler(2, 'Array to string conversion', 'APPPATH\\Controllers\\UsuariosController.php', 66)
 2 SYSTEMPATH\CodeIgniter.php(934): App\Controllers\UsuariosController->new()
 3 SYSTEMPATH\CodeIgniter.php(499): CodeIgniter\CodeIgniter->runController(Object(App\Controllers\UsuariosController))
 4 SYSTEMPATH\CodeIgniter.php(368): CodeIgniter\CodeIgniter->handleRequest(null, Object(Config\Cache), false)
 5 FCPATH\index.php(67): CodeIgniter\CodeIgniter->run()
 6 SYSTEMPATH\Commands\Server\rewrite.php(47): require_once('FCPATH\\index.php')
CRITICAL - 2023-01-23 22:04:07 --> Undefined variable $arrResponse
in APPPATH\Controllers\IndexController.php on line 33.
 1 APPPATH\Controllers\IndexController.php(33): CodeIgniter\Debug\Exceptions->errorHandler(2, 'Undefined variable $arrResponse', 'APPPATH\\Controllers\\IndexController.php', 33)
 2 SYSTEMPATH\CodeIgniter.php(934): App\Controllers\IndexController->nuevaAsistencia()
 3 SYSTEMPATH\CodeIgniter.php(499): CodeIgniter\CodeIgniter->runController(Object(App\Controllers\IndexController))
 4 SYSTEMPATH\CodeIgniter.php(368): CodeIgniter\CodeIgniter->handleRequest(null, Object(Config\Cache), false)
 5 FCPATH\index.php(67): CodeIgniter\CodeIgniter->run()
 6 SYSTEMPATH\Commands\Server\rewrite.php(47): require_once('FCPATH\\index.php')
CRITICAL - 2023-01-23 22:18:43 --> Call to undefined function App\Controllers\now()
in APPPATH\Controllers\IndexController.php on line 31.
 1 SYSTEMPATH\CodeIgniter.php(934): App\Controllers\IndexController->nuevaAsistencia()
 2 SYSTEMPATH\CodeIgniter.php(499): CodeIgniter\CodeIgniter->runController(Object(App\Controllers\IndexController))
 3 SYSTEMPATH\CodeIgniter.php(368): CodeIgniter\CodeIgniter->handleRequest(null, Object(Config\Cache), false)
 4 FCPATH\index.php(67): CodeIgniter\CodeIgniter->run()
 5 SYSTEMPATH\Commands\Server\rewrite.php(47): require_once('FCPATH\\index.php')
CRITICAL - 2023-01-23 23:42:47 --> Failed to parse time string (d/m/Y H:i:s) at position 1 (/): Unexpected character
in SYSTEMPATH\I18n\TimeTrait.php on line 101.
 1 SYSTEMPATH\I18n\TimeTrait.php(101): DateTimeImmutable->__construct('d/m/Y H:i:s', Object(DateTimeZone))
 2 SYSTEMPATH\I18n\TimeTrait.php(132): CodeIgniter\I18n\Time->__construct('d/m/Y H:i:s', 'America/Mexico_City', null)
 3 APPPATH\Controllers\IndexController.php(18): CodeIgniter\I18n\Time::parse('d/m/Y H:i:s', 'America/Mexico_City')
 4 SYSTEMPATH\CodeIgniter.php(934): App\Controllers\IndexController->nuevaAsistencia()
 5 SYSTEMPATH\CodeIgniter.php(499): CodeIgniter\CodeIgniter->runController(Object(App\Controllers\IndexController))
 6 SYSTEMPATH\CodeIgniter.php(368): CodeIgniter\CodeIgniter->handleRequest(null, Object(Config\Cache), false)
 7 FCPATH\index.php(67): CodeIgniter\CodeIgniter->run()
 8 SYSTEMPATH\Commands\Server\rewrite.php(47): require_once('FCPATH\\index.php')
CRITICAL - 2023-01-23 23:52:12 --> Call to undefined method CodeIgniter\I18n\Time::getTime()
in APPPATH\Controllers\IndexController.php on line 18.
 1 SYSTEMPATH\CodeIgniter.php(934): App\Controllers\IndexController->nuevaAsistencia()
 2 SYSTEMPATH\CodeIgniter.php(499): CodeIgniter\CodeIgniter->runController(Object(App\Controllers\IndexController))
 3 SYSTEMPATH\CodeIgniter.php(368): CodeIgniter\CodeIgniter->handleRequest(null, Object(Config\Cache), false)
 4 FCPATH\index.php(67): CodeIgniter\CodeIgniter->run()
 5 SYSTEMPATH\Commands\Server\rewrite.php(47): require_once('FCPATH\\index.php')
CRITICAL - 2023-01-23 23:52:58 --> Cannot use object of type CodeIgniter\I18n\Time as array
in APPPATH\Controllers\IndexController.php on line 19.
 1 SYSTEMPATH\CodeIgniter.php(934): App\Controllers\IndexController->nuevaAsistencia()
 2 SYSTEMPATH\CodeIgniter.php(499): CodeIgniter\CodeIgniter->runController(Object(App\Controllers\IndexController))
 3 SYSTEMPATH\CodeIgniter.php(368): CodeIgniter\CodeIgniter->handleRequest(null, Object(Config\Cache), false)
 4 FCPATH\index.php(67): CodeIgniter\CodeIgniter->run()
 5 SYSTEMPATH\Commands\Server\rewrite.php(47): require_once('FCPATH\\index.php')
CRITICAL - 2023-01-23 23:53:13 --> Cannot use object of type CodeIgniter\I18n\Time as array
in APPPATH\Controllers\IndexController.php on line 19.
 1 SYSTEMPATH\CodeIgniter.php(934): App\Controllers\IndexController->nuevaAsistencia()
 2 SYSTEMPATH\CodeIgniter.php(499): CodeIgniter\CodeIgniter->runController(Object(App\Controllers\IndexController))
 3 SYSTEMPATH\CodeIgniter.php(368): CodeIgniter\CodeIgniter->handleRequest(null, Object(Config\Cache), false)
 4 FCPATH\index.php(67): CodeIgniter\CodeIgniter->run()
 5 SYSTEMPATH\Commands\Server\rewrite.php(47): require_once('FCPATH\\index.php')
