ERROR - 2023-01-22 19:20:58 --> mysqli_sql_exception: Can't create table `scsaaij-cd`.`historial` (errno: 150 "Foreign key constraint is incorrectly formed") in C:\xampp\htdocs\SCSAAIJ-CD\system\Database\MySQLi\Connection.php:295
Stack trace:
#0 C:\xampp\htdocs\SCSAAIJ-CD\system\Database\MySQLi\Connection.php(295): mysqli->query('CREATE TABLE `H...', 0)
#1 C:\xampp\htdocs\SCSAAIJ-CD\system\Database\BaseConnection.php(691): CodeIgniter\Database\MySQLi\Connection->execute('CREATE TABLE `H...')
#2 C:\xampp\htdocs\SCSAAIJ-CD\system\Database\BaseConnection.php(605): CodeIgniter\Database\BaseConnection->simpleQuery('CREATE TABLE `H...')
#3 C:\xampp\htdocs\SCSAAIJ-CD\system\Database\Forge.php(546): CodeIgniter\Database\BaseConnection->query('CREATE TABLE `H...')
#4 C:\xampp\htdocs\SCSAAIJ-CD\app\Database\Migrations\2023-01-21-042131_Historial.php(49): CodeIgniter\Database\Forge->createTable('Historial')
#5 C:\xampp\htdocs\SCSAAIJ-CD\system\Database\MigrationRunner.php(877): App\Database\Migrations\Historial->up()
#6 C:\xampp\htdocs\SCSAAIJ-CD\system\Database\MigrationRunner.php(188): CodeIgniter\Database\MigrationRunner->migrate('up', Object(stdClass))
#7 C:\xampp\htdocs\SCSAAIJ-CD\system\Commands\Database\Migrate.php(84): CodeIgniter\Database\MigrationRunner->latest(NULL)
#8 C:\xampp\htdocs\SCSAAIJ-CD\system\CLI\Commands.php(65): CodeIgniter\Commands\Database\Migrate->run(Array)
#9 C:\xampp\htdocs\SCSAAIJ-CD\system\CLI\Console.php(37): CodeIgniter\CLI\Commands->run('migrate', Array)
#10 C:\xampp\htdocs\SCSAAIJ-CD\spark(97): CodeIgniter\CLI\Console->run()
#11 {main}
ERROR - 2023-01-22 19:26:36 --> mysqli_sql_exception: Can't create table `scsaaij-cd`.`historial` (errno: 150 "Foreign key constraint is incorrectly formed") in C:\xampp\htdocs\SCSAAIJ-CD\system\Database\MySQLi\Connection.php:295
Stack trace:
#0 C:\xampp\htdocs\SCSAAIJ-CD\system\Database\MySQLi\Connection.php(295): mysqli->query('CREATE TABLE `H...', 0)
#1 C:\xampp\htdocs\SCSAAIJ-CD\system\Database\BaseConnection.php(691): CodeIgniter\Database\MySQLi\Connection->execute('CREATE TABLE `H...')
#2 C:\xampp\htdocs\SCSAAIJ-CD\system\Database\BaseConnection.php(605): CodeIgniter\Database\BaseConnection->simpleQuery('CREATE TABLE `H...')
#3 C:\xampp\htdocs\SCSAAIJ-CD\system\Database\Forge.php(546): CodeIgniter\Database\BaseConnection->query('CREATE TABLE `H...')
#4 C:\xampp\htdocs\SCSAAIJ-CD\app\Database\Migrations\2023-01-21-042131_Historial.php(49): CodeIgniter\Database\Forge->createTable('Historial')
#5 C:\xampp\htdocs\SCSAAIJ-CD\system\Database\MigrationRunner.php(877): App\Database\Migrations\Historial->up()
#6 C:\xampp\htdocs\SCSAAIJ-CD\system\Database\MigrationRunner.php(188): CodeIgniter\Database\MigrationRunner->migrate('up', Object(stdClass))
#7 C:\xampp\htdocs\SCSAAIJ-CD\system\Commands\Database\Migrate.php(84): CodeIgniter\Database\MigrationRunner->latest(NULL)
#8 C:\xampp\htdocs\SCSAAIJ-CD\system\CLI\Commands.php(65): CodeIgniter\Commands\Database\Migrate->run(Array)
#9 C:\xampp\htdocs\SCSAAIJ-CD\system\CLI\Console.php(37): CodeIgniter\CLI\Commands->run('migrate', Array)
#10 C:\xampp\htdocs\SCSAAIJ-CD\spark(97): CodeIgniter\CLI\Console->run()
#11 {main}
CRITICAL - 2023-01-22 20:15:56 --> CodeIgniter\Router\RouteCollection::presenter(): Argument #2 ($options) must be of type ?array, string given, called in C:\xampp\htdocs\SCSAAIJ-CD\app\Config\Routes.php on line 25
in SYSTEMPATH\Router\RouteCollection.php on line 818.
 1 APPPATH\Config\Routes.php(25): CodeIgniter\Router\RouteCollection->presenter('Dashboard', 'ROOTPATH\\public')
 2 SYSTEMPATH\Router\RouteCollection.php(266): require('APPPATH\\Config\\Routes.php')
 3 SYSTEMPATH\Commands\Utilities\Routes.php(82): CodeIgniter\Router\RouteCollection->loadRoutes()
 4 SYSTEMPATH\CLI\Commands.php(65): CodeIgniter\Commands\Utilities\Routes->run([])
 5 SYSTEMPATH\CLI\Console.php(37): CodeIgniter\CLI\Commands->run('routes', [])
 6 ROOTPATH\spark(97): CodeIgniter\CLI\Console->run()
CRITICAL - 2023-01-22 21:11:12 --> Invalid file: "dasboard.php"
in SYSTEMPATH\Exceptions\FrameworkException.php on line 33.
 1 SYSTEMPATH\View\View.php(201): CodeIgniter\Exceptions\FrameworkException::forInvalidFile('dasboard.php')
 2 SYSTEMPATH\Common.php(1177): CodeIgniter\View\View->render('dasboard', [], true)
 3 APPPATH\Controllers\Usuarios.php(18): view('dasboard', [...])
 4 SYSTEMPATH\CodeIgniter.php(934): App\Controllers\Usuarios->index()
 5 SYSTEMPATH\CodeIgniter.php(499): CodeIgniter\CodeIgniter->runController(Object(App\Controllers\Usuarios))
 6 SYSTEMPATH\CodeIgniter.php(368): CodeIgniter\CodeIgniter->handleRequest(null, Object(Config\Cache), false)
 7 FCPATH\index.php(67): CodeIgniter\CodeIgniter->run()
 8 SYSTEMPATH\Commands\Server\rewrite.php(47): require_once('FCPATH\\index.php')
CRITICAL - 2023-01-22 21:11:27 --> Invalid file: "dasboard.php"
in SYSTEMPATH\Exceptions\FrameworkException.php on line 33.
 1 SYSTEMPATH\View\View.php(201): CodeIgniter\Exceptions\FrameworkException::forInvalidFile('dasboard.php')
 2 SYSTEMPATH\Common.php(1177): CodeIgniter\View\View->render('dasboard', [], true)
 3 APPPATH\Controllers\Usuarios.php(18): view('dasboard', [...])
 4 SYSTEMPATH\CodeIgniter.php(934): App\Controllers\Usuarios->index()
 5 SYSTEMPATH\CodeIgniter.php(499): CodeIgniter\CodeIgniter->runController(Object(App\Controllers\Usuarios))
 6 SYSTEMPATH\CodeIgniter.php(368): CodeIgniter\CodeIgniter->handleRequest(null, Object(Config\Cache), false)
 7 FCPATH\index.php(67): CodeIgniter\CodeIgniter->run()
 8 SYSTEMPATH\Commands\Server\rewrite.php(47): require_once('FCPATH\\index.php')
CRITICAL - 2023-01-22 21:11:56 --> Invalid file: "dasboard.php"
in SYSTEMPATH\Exceptions\FrameworkException.php on line 33.
 1 SYSTEMPATH\View\View.php(201): CodeIgniter\Exceptions\FrameworkException::forInvalidFile('dasboard.php')
 2 SYSTEMPATH\Common.php(1177): CodeIgniter\View\View->render('dasboard', [], true)
 3 APPPATH\Controllers\Usuarios.php(18): view('dasboard', [...])
 4 SYSTEMPATH\CodeIgniter.php(934): App\Controllers\Usuarios->index()
 5 SYSTEMPATH\CodeIgniter.php(499): CodeIgniter\CodeIgniter->runController(Object(App\Controllers\Usuarios))
 6 SYSTEMPATH\CodeIgniter.php(368): CodeIgniter\CodeIgniter->handleRequest(null, Object(Config\Cache), false)
 7 FCPATH\index.php(67): CodeIgniter\CodeIgniter->run()
 8 SYSTEMPATH\Commands\Server\rewrite.php(47): require_once('FCPATH\\index.php')
CRITICAL - 2023-01-22 21:14:28 --> Invalid file: "dasboard.php"
in SYSTEMPATH\Exceptions\FrameworkException.php on line 33.
 1 SYSTEMPATH\View\View.php(201): CodeIgniter\Exceptions\FrameworkException::forInvalidFile('dasboard.php')
 2 SYSTEMPATH\Common.php(1177): CodeIgniter\View\View->render('dasboard', [], true)
 3 APPPATH\Controllers\Usuarios.php(16): view('dasboard', [...])
 4 SYSTEMPATH\CodeIgniter.php(934): App\Controllers\Usuarios->index()
 5 SYSTEMPATH\CodeIgniter.php(499): CodeIgniter\CodeIgniter->runController(Object(App\Controllers\Usuarios))
 6 SYSTEMPATH\CodeIgniter.php(368): CodeIgniter\CodeIgniter->handleRequest(null, Object(Config\Cache), false)
 7 FCPATH\index.php(67): CodeIgniter\CodeIgniter->run()
 8 SYSTEMPATH\Commands\Server\rewrite.php(47): require_once('FCPATH\\index.php')
CRITICAL - 2023-01-22 21:45:41 --> Undefined variable $BASE_MEDIA
in APPPATH\Views\templates\header.php on line 54.
 1 APPPATH\Views\templates\header.php(54): CodeIgniter\Debug\Exceptions->errorHandler(2, 'Undefined variable $BASE_MEDIA', 'APPPATH\\Views\\templates\\header.php', 54)
 2 SYSTEMPATH\View\View.php(213): include('APPPATH\\Views\\templates\\header.php')
 3 SYSTEMPATH\View\View.php(216): CodeIgniter\View\View->CodeIgniter\View\{closure}()
 4 SYSTEMPATH\Common.php(1177): CodeIgniter\View\View->render('templates/header', [], true)
 5 APPPATH\Controllers\Usuarios.php(16): view('templates/header')
 6 SYSTEMPATH\CodeIgniter.php(934): App\Controllers\Usuarios->index()
 7 SYSTEMPATH\CodeIgniter.php(499): CodeIgniter\CodeIgniter->runController(Object(App\Controllers\Usuarios))
 8 SYSTEMPATH\CodeIgniter.php(368): CodeIgniter\CodeIgniter->handleRequest(null, Object(Config\Cache), false)
 9 FCPATH\index.php(67): CodeIgniter\CodeIgniter->run()
10 SYSTEMPATH\Commands\Server\rewrite.php(47): require_once('FCPATH\\index.php')
CRITICAL - 2023-01-22 21:46:08 --> Undefined variable $BASE_MEDIA
in APPPATH\Views\templates\header.php on line 63.
 1 APPPATH\Views\templates\header.php(63): CodeIgniter\Debug\Exceptions->errorHandler(2, 'Undefined variable $BASE_MEDIA', 'APPPATH\\Views\\templates\\header.php', 63)
 2 SYSTEMPATH\View\View.php(213): include('APPPATH\\Views\\templates\\header.php')
 3 SYSTEMPATH\View\View.php(216): CodeIgniter\View\View->CodeIgniter\View\{closure}()
 4 SYSTEMPATH\Common.php(1177): CodeIgniter\View\View->render('templates/header', [], true)
 5 APPPATH\Controllers\Usuarios.php(16): view('templates/header')
 6 SYSTEMPATH\CodeIgniter.php(934): App\Controllers\Usuarios->index()
 7 SYSTEMPATH\CodeIgniter.php(499): CodeIgniter\CodeIgniter->runController(Object(App\Controllers\Usuarios))
 8 SYSTEMPATH\CodeIgniter.php(368): CodeIgniter\CodeIgniter->handleRequest(null, Object(Config\Cache), false)
 9 FCPATH\index.php(67): CodeIgniter\CodeIgniter->run()
10 SYSTEMPATH\Commands\Server\rewrite.php(47): require_once('FCPATH\\index.php')
CRITICAL - 2023-01-22 21:46:20 --> Undefined variable $BASE_URL
in APPPATH\Views\templates\header.php on line 76.
 1 APPPATH\Views\templates\header.php(76): CodeIgniter\Debug\Exceptions->errorHandler(2, 'Undefined variable $BASE_URL', 'APPPATH\\Views\\templates\\header.php', 76)
 2 SYSTEMPATH\View\View.php(213): include('APPPATH\\Views\\templates\\header.php')
 3 SYSTEMPATH\View\View.php(216): CodeIgniter\View\View->CodeIgniter\View\{closure}()
 4 SYSTEMPATH\Common.php(1177): CodeIgniter\View\View->render('templates/header', [], true)
 5 APPPATH\Controllers\Usuarios.php(16): view('templates/header')
 6 SYSTEMPATH\CodeIgniter.php(934): App\Controllers\Usuarios->index()
 7 SYSTEMPATH\CodeIgniter.php(499): CodeIgniter\CodeIgniter->runController(Object(App\Controllers\Usuarios))
 8 SYSTEMPATH\CodeIgniter.php(368): CodeIgniter\CodeIgniter->handleRequest(null, Object(Config\Cache), false)
 9 FCPATH\index.php(67): CodeIgniter\CodeIgniter->run()
10 SYSTEMPATH\Commands\Server\rewrite.php(47): require_once('FCPATH\\index.php')
CRITICAL - 2023-01-22 23:10:16 --> Call to undefined method CodeIgniter\HTTP\Response::json()
in APPPATH\Controllers\Usuarios.php on line 25.
 1 SYSTEMPATH\CodeIgniter.php(934): App\Controllers\Usuarios->show('show')
 2 SYSTEMPATH\CodeIgniter.php(499): CodeIgniter\CodeIgniter->runController(Object(App\Controllers\Usuarios))
 3 SYSTEMPATH\CodeIgniter.php(368): CodeIgniter\CodeIgniter->handleRequest(null, Object(Config\Cache), false)
 4 FCPATH\index.php(67): CodeIgniter\CodeIgniter->run()
 5 SYSTEMPATH\Commands\Server\rewrite.php(47): require_once('FCPATH\\index.php')
CRITICAL - 2023-01-22 23:13:05 --> Call to undefined method CodeIgniter\HTTP\Response::json()
in APPPATH\Controllers\Usuarios.php on line 25.
 1 SYSTEMPATH\CodeIgniter.php(934): App\Controllers\Usuarios->show('show')
 2 SYSTEMPATH\CodeIgniter.php(499): CodeIgniter\CodeIgniter->runController(Object(App\Controllers\Usuarios))
 3 SYSTEMPATH\CodeIgniter.php(368): CodeIgniter\CodeIgniter->handleRequest(null, Object(Config\Cache), false)
 4 FCPATH\index.php(67): CodeIgniter\CodeIgniter->run()
 5 SYSTEMPATH\Commands\Server\rewrite.php(47): require_once('FCPATH\\index.php')
CRITICAL - 2023-01-22 23:13:20 --> Undefined constant "Config\routes"
in APPPATH\Config\Routes.php on line 31.
 1 SYSTEMPATH\Router\RouteCollection.php(266): require()
 2 SYSTEMPATH\CodeIgniter.php(802): CodeIgniter\Router\RouteCollection->loadRoutes()
 3 SYSTEMPATH\CodeIgniter.php(449): CodeIgniter\CodeIgniter->tryToRouteIt(null)
 4 SYSTEMPATH\CodeIgniter.php(368): CodeIgniter\CodeIgniter->handleRequest(null, Object(Config\Cache), false)
 5 FCPATH\index.php(67): CodeIgniter\CodeIgniter->run()
 6 SYSTEMPATH\Commands\Server\rewrite.php(47): require_once('FCPATH\\index.php')
CRITICAL - 2023-01-22 23:13:22 --> Undefined constant "Config\routes"
in APPPATH\Config\Routes.php on line 31.
 1 SYSTEMPATH\Router\RouteCollection.php(266): require()
 2 SYSTEMPATH\CodeIgniter.php(802): CodeIgniter\Router\RouteCollection->loadRoutes()
 3 SYSTEMPATH\CodeIgniter.php(449): CodeIgniter\CodeIgniter->tryToRouteIt(null)
 4 SYSTEMPATH\CodeIgniter.php(368): CodeIgniter\CodeIgniter->handleRequest(null, Object(Config\Cache), false)
 5 FCPATH\index.php(67): CodeIgniter\CodeIgniter->run()
 6 SYSTEMPATH\Commands\Server\rewrite.php(47): require_once('FCPATH\\index.php')
CRITICAL - 2023-01-22 23:13:23 --> Undefined constant "Config\routes"
in APPPATH\Config\Routes.php on line 31.
 1 SYSTEMPATH\Router\RouteCollection.php(266): require()
 2 SYSTEMPATH\CodeIgniter.php(802): CodeIgniter\Router\RouteCollection->loadRoutes()
 3 SYSTEMPATH\CodeIgniter.php(449): CodeIgniter\CodeIgniter->tryToRouteIt(null)
 4 SYSTEMPATH\CodeIgniter.php(368): CodeIgniter\CodeIgniter->handleRequest(null, Object(Config\Cache), false)
 5 FCPATH\index.php(67): CodeIgniter\CodeIgniter->run()
 6 SYSTEMPATH\Commands\Server\rewrite.php(47): require_once('FCPATH\\index.php')
CRITICAL - 2023-01-22 23:13:28 --> Undefined constant "Config\routes"
in APPPATH\Config\Routes.php on line 31.
 1 SYSTEMPATH\Router\RouteCollection.php(266): require()
 2 SYSTEMPATH\CodeIgniter.php(802): CodeIgniter\Router\RouteCollection->loadRoutes()
 3 SYSTEMPATH\CodeIgniter.php(449): CodeIgniter\CodeIgniter->tryToRouteIt(null)
 4 SYSTEMPATH\CodeIgniter.php(368): CodeIgniter\CodeIgniter->handleRequest(null, Object(Config\Cache), false)
 5 FCPATH\index.php(67): CodeIgniter\CodeIgniter->run()
 6 SYSTEMPATH\Commands\Server\rewrite.php(47): require_once('FCPATH\\index.php')
CRITICAL - 2023-01-22 23:13:30 --> Undefined constant "Config\routes"
in APPPATH\Config\Routes.php on line 31.
 1 SYSTEMPATH\Router\RouteCollection.php(266): require()
 2 SYSTEMPATH\CodeIgniter.php(802): CodeIgniter\Router\RouteCollection->loadRoutes()
 3 SYSTEMPATH\CodeIgniter.php(449): CodeIgniter\CodeIgniter->tryToRouteIt(null)
 4 SYSTEMPATH\CodeIgniter.php(368): CodeIgniter\CodeIgniter->handleRequest(null, Object(Config\Cache), false)
 5 FCPATH\index.php(67): CodeIgniter\CodeIgniter->run()
 6 SYSTEMPATH\Commands\Server\rewrite.php(47): require_once('FCPATH\\index.php')
CRITICAL - 2023-01-22 23:13:44 --> Undefined constant "Config\routes"
in APPPATH\Config\Routes.php on line 31.
 1 SYSTEMPATH\Router\RouteCollection.php(266): require()
 2 SYSTEMPATH\CodeIgniter.php(802): CodeIgniter\Router\RouteCollection->loadRoutes()
 3 SYSTEMPATH\CodeIgniter.php(449): CodeIgniter\CodeIgniter->tryToRouteIt(null)
 4 SYSTEMPATH\CodeIgniter.php(368): CodeIgniter\CodeIgniter->handleRequest(null, Object(Config\Cache), false)
 5 FCPATH\index.php(67): CodeIgniter\CodeIgniter->run()
 6 SYSTEMPATH\Commands\Server\rewrite.php(47): require_once('FCPATH\\index.php')
CRITICAL - 2023-01-22 23:24:17 --> Too few arguments to function App\Controllers\UsuariosController::getId(), 0 passed in C:\xampp\htdocs\SCSAAIJ-CD\system\CodeIgniter.php on line 934 and exactly 1 expected
in APPPATH\Controllers\UsuariosController.php on line 30.
 1 SYSTEMPATH\CodeIgniter.php(934): App\Controllers\UsuariosController->getId()
 2 SYSTEMPATH\CodeIgniter.php(499): CodeIgniter\CodeIgniter->runController(Object(App\Controllers\UsuariosController))
 3 SYSTEMPATH\CodeIgniter.php(368): CodeIgniter\CodeIgniter->handleRequest(null, Object(Config\Cache), false)
 4 FCPATH\index.php(67): CodeIgniter\CodeIgniter->run()
 5 SYSTEMPATH\Commands\Server\rewrite.php(47): require_once('FCPATH\\index.php')
